<?xml version="1.0" encoding="UTF-8"?>
<!-- Generated by org.testng.reporters.JUnitReportReporter -->
<testsuite hostname="LAPTOP-MCV541EM" failures="0" tests="2" name="pages.Datahandler" time="9.346" errors="0" timestamp="2024-05-08T20:14:21 IST" skipped="0">
  <testcase classname="pages.Datahandler" name="values" time="4.795"/>
  <system-out/>
  <testcase classname="pages.Datahandler" name="values" time="4.551"/>
  <system-out/>
</testsuite> <!-- pages.Datahandler -->
